<?xml version="1.0" encoding="UTF-8"?>
<!-- Generated by org.testng.reporters.JUnitReportReporter -->
<testsuite hostname="CPDK020" failures="0" tests="1" name="Test.Run_Module" time="1.774" errors="0" timestamp="2025-08-29T11:33:15 IST" skipped="0">
  <testcase classname="Test.Run_Module" name="Log" time="1.774"/>
</testsuite> <!-- Test.Run_Module -->
